<?xml version="1.0" encoding="UTF-8"?>
<coverage generated="1778348619986" clover="3.2.0">
  <project timestamp="1778348619986" name="All files">
    <metrics statements="139" coveredstatements="102" conditionals="73" coveredconditionals="69" methods="50" coveredmethods="30" elements="262" coveredelements="201" complexity="0" loc="139" ncloc="139" packages="4" files="26" classes="26"/>
    <package name="app">
      <metrics statements="65" coveredstatements="47" conditionals="34" coveredconditionals="32" methods="29" coveredmethods="18"/>
      <file name="home.tsx" path="/Users/jordanmadden/Documents/HTWA/app/home.tsx">
        <metrics statements="20" coveredstatements="20" conditionals="14" coveredconditionals="12" methods="7" coveredmethods="7"/>
        <line num="51" count="2" type="stmt"/>
        <line num="54" count="2" type="stmt"/>
        <line num="57" count="2" type="stmt"/>
        <line num="69" count="2" type="stmt"/>
        <line num="103" count="65" type="stmt"/>
        <line num="104" count="65" type="stmt"/>
        <line num="105" count="65" type="stmt"/>
        <line num="108" count="65" type="stmt"/>
        <line num="109" count="65" type="cond" truecount="1" falsecount="1"/>
        <line num="110" count="65" type="cond" truecount="1" falsecount="1"/>
        <line num="114" count="65" type="stmt"/>
        <line num="115" count="65" type="stmt"/>
        <line num="117" count="65" type="stmt"/>
        <line num="118" count="4" type="stmt"/>
        <line num="119" count="4" type="stmt"/>
        <line num="122" count="65" type="stmt"/>
        <line num="128" count="65" type="stmt"/>
        <line num="247" count="130" type="stmt"/>
        <line num="266" count="130" type="stmt"/>
        <line num="305" count="2" type="stmt"/>
      </file>
      <file name="index.tsx" path="/Users/jordanmadden/Documents/HTWA/app/index.tsx">
        <metrics statements="0" coveredstatements="0" conditionals="0" coveredconditionals="0" methods="0" coveredmethods="0"/>
      </file>
      <file name="login.tsx" path="/Users/jordanmadden/Documents/HTWA/app/login.tsx">
        <metrics statements="9" coveredstatements="9" conditionals="0" coveredconditionals="0" methods="7" coveredmethods="5"/>
        <line num="9" count="19" type="stmt"/>
        <line num="12" count="19" type="stmt"/>
        <line num="13" count="19" type="stmt"/>
        <line num="14" count="19" type="stmt"/>
        <line num="15" count="19" type="stmt"/>
        <line num="17" count="19" type="stmt"/>
        <line num="18" count="19" type="stmt"/>
        <line num="20" count="19" type="stmt"/>
        <line num="124" count="1" type="stmt"/>
      </file>
      <file name="signin-apple.tsx" path="/Users/jordanmadden/Documents/HTWA/app/signin-apple.tsx">
        <metrics statements="4" coveredstatements="0" conditionals="0" coveredconditionals="0" methods="2" coveredmethods="0"/>
        <line num="13" count="0" type="stmt"/>
        <line num="15" count="0" type="stmt"/>
        <line num="16" count="0" type="stmt"/>
        <line num="19" count="0" type="stmt"/>
      </file>
      <file name="signin-email.tsx" path="/Users/jordanmadden/Documents/HTWA/app/signin-email.tsx">
        <metrics statements="4" coveredstatements="0" conditionals="0" coveredconditionals="0" methods="2" coveredmethods="0"/>
        <line num="13" count="0" type="stmt"/>
        <line num="15" count="0" type="stmt"/>
        <line num="16" count="0" type="stmt"/>
        <line num="19" count="0" type="stmt"/>
      </file>
      <file name="signin-google.tsx" path="/Users/jordanmadden/Documents/HTWA/app/signin-google.tsx">
        <metrics statements="4" coveredstatements="0" conditionals="0" coveredconditionals="0" methods="2" coveredmethods="0"/>
        <line num="13" count="0" type="stmt"/>
        <line num="15" count="0" type="stmt"/>
        <line num="16" count="0" type="stmt"/>
        <line num="19" count="0" type="stmt"/>
      </file>
      <file name="signin-mobile.tsx" path="/Users/jordanmadden/Documents/HTWA/app/signin-mobile.tsx">
        <metrics statements="4" coveredstatements="0" conditionals="0" coveredconditionals="0" methods="2" coveredmethods="0"/>
        <line num="13" count="0" type="stmt"/>
        <line num="15" count="0" type="stmt"/>
        <line num="16" count="0" type="stmt"/>
        <line num="19" count="0" type="stmt"/>
      </file>
      <file name="signup.tsx" path="/Users/jordanmadden/Documents/HTWA/app/signup.tsx">
        <metrics statements="18" coveredstatements="18" conditionals="20" coveredconditionals="20" methods="6" coveredmethods="6"/>
        <line num="18" count="84" type="stmt"/>
        <line num="21" count="84" type="stmt"/>
        <line num="22" count="84" type="stmt"/>
        <line num="23" count="84" type="stmt"/>
        <line num="24" count="84" type="stmt"/>
        <line num="25" count="84" type="stmt"/>
        <line num="27" count="84" type="stmt"/>
        <line num="30" count="84" type="stmt"/>
        <line num="31" count="13" type="stmt"/>
        <line num="32" count="13" type="cond" truecount="2" falsecount="0"/>
        <line num="36" count="84" type="stmt"/>
        <line num="37" count="84" type="stmt"/>
        <line num="38" count="84" type="stmt"/>
        <line num="48" count="84" type="stmt"/>
        <line num="50" count="84" type="stmt"/>
        <line num="112" count="10" type="stmt"/>
        <line num="125" count="3" type="stmt"/>
        <line num="161" count="1" type="stmt"/>
      </file>
      <file name="verify.tsx" path="/Users/jordanmadden/Documents/HTWA/app/verify.tsx">
        <metrics statements="2" coveredstatements="0" conditionals="0" coveredconditionals="0" methods="1" coveredmethods="0"/>
        <line num="8" count="0" type="stmt"/>
        <line num="18" count="0" type="stmt"/>
      </file>
    </package>
    <package name="app.(tabs)">
      <metrics statements="19" coveredstatements="0" conditionals="2" coveredconditionals="0" methods="9" coveredmethods="0"/>
      <file name="_layout 2.tsx" path="/Users/jordanmadden/Documents/HTWA/app/(tabs)/_layout 2.tsx">
        <metrics statements="7" coveredstatements="0" conditionals="2" coveredconditionals="0" methods="3" coveredmethods="0"/>
        <line num="20" count="0" type="stmt"/>
        <line num="23" count="0" type="stmt"/>
        <line num="28" count="0" type="stmt"/>
        <line num="58" count="0" type="stmt"/>
        <line num="73" count="0" type="stmt"/>
        <line num="76" count="0" type="stmt"/>
        <line num="82" count="0" type="stmt"/>
      </file>
      <file name="index 2.tsx" path="/Users/jordanmadden/Documents/HTWA/app/(tabs)/index 2.tsx">
        <metrics statements="0" coveredstatements="0" conditionals="0" coveredconditionals="0" methods="0" coveredmethods="0"/>
      </file>
      <file name="index.tsx" path="/Users/jordanmadden/Documents/HTWA/app/(tabs)/index.tsx">
        <metrics statements="0" coveredstatements="0" conditionals="0" coveredconditionals="0" methods="0" coveredmethods="0"/>
      </file>
      <file name="profile 2.tsx" path="/Users/jordanmadden/Documents/HTWA/app/(tabs)/profile 2.tsx">
        <metrics statements="2" coveredstatements="0" conditionals="0" coveredconditionals="0" methods="1" coveredmethods="0"/>
        <line num="12" count="0" type="stmt"/>
        <line num="19" count="0" type="stmt"/>
      </file>
      <file name="profile.tsx" path="/Users/jordanmadden/Documents/HTWA/app/(tabs)/profile.tsx">
        <metrics statements="2" coveredstatements="0" conditionals="0" coveredconditionals="0" methods="1" coveredmethods="0"/>
        <line num="12" count="0" type="stmt"/>
        <line num="19" count="0" type="stmt"/>
      </file>
      <file name="search 2.tsx" path="/Users/jordanmadden/Documents/HTWA/app/(tabs)/search 2.tsx">
        <metrics statements="2" coveredstatements="0" conditionals="0" coveredconditionals="0" methods="1" coveredmethods="0"/>
        <line num="12" count="0" type="stmt"/>
        <line num="19" count="0" type="stmt"/>
      </file>
      <file name="search.tsx" path="/Users/jordanmadden/Documents/HTWA/app/(tabs)/search.tsx">
        <metrics statements="2" coveredstatements="0" conditionals="0" coveredconditionals="0" methods="1" coveredmethods="0"/>
        <line num="12" count="0" type="stmt"/>
        <line num="19" count="0" type="stmt"/>
      </file>
      <file name="trips 2.tsx" path="/Users/jordanmadden/Documents/HTWA/app/(tabs)/trips 2.tsx">
        <metrics statements="2" coveredstatements="0" conditionals="0" coveredconditionals="0" methods="1" coveredmethods="0"/>
        <line num="12" count="0" type="stmt"/>
        <line num="19" count="0" type="stmt"/>
      </file>
      <file name="trips.tsx" path="/Users/jordanmadden/Documents/HTWA/app/(tabs)/trips.tsx">
        <metrics statements="2" coveredstatements="0" conditionals="0" coveredconditionals="0" methods="1" coveredmethods="0"/>
        <line num="12" count="0" type="stmt"/>
        <line num="19" count="0" type="stmt"/>
      </file>
    </package>
    <package name="app.screens">
      <metrics statements="15" coveredstatements="15" conditionals="2" coveredconditionals="2" methods="3" coveredmethods="3"/>
      <file name="SplashScreen.tsx" path="/Users/jordanmadden/Documents/HTWA/app/screens/SplashScreen.tsx">
        <metrics statements="15" coveredstatements="15" conditionals="2" coveredconditionals="2" methods="3" coveredmethods="3"/>
        <line num="7" count="1" type="stmt"/>
        <line num="10" count="1" type="stmt"/>
        <line num="11" count="1" type="stmt"/>
        <line num="12" count="1" type="stmt"/>
        <line num="15" count="10" type="stmt"/>
        <line num="17" count="10" type="stmt"/>
        <line num="19" count="10" type="stmt"/>
        <line num="20" count="10" type="stmt"/>
        <line num="21" count="9" type="cond" truecount="2" falsecount="0"/>
        <line num="22" count="1" type="stmt"/>
        <line num="24" count="8" type="stmt"/>
        <line num="28" count="1" type="stmt"/>
        <line num="32" count="10" type="stmt"/>
        <line num="35" count="10" type="stmt"/>
        <line num="53" count="1" type="stmt"/>
      </file>
    </package>
    <package name="components">
      <metrics statements="40" coveredstatements="40" conditionals="35" coveredconditionals="35" methods="9" coveredmethods="9"/>
      <file name="Avatar.tsx" path="/Users/jordanmadden/Documents/HTWA/components/Avatar.tsx">
        <metrics statements="6" coveredstatements="6" conditionals="8" coveredconditionals="8" methods="1" coveredmethods="1"/>
        <line num="34" count="3" type="stmt"/>
        <line num="36" count="3" type="stmt"/>
        <line num="38" count="3" type="stmt"/>
        <line num="67" count="88" type="cond" truecount="2" falsecount="0"/>
        <line num="69" count="88" type="stmt"/>
        <line num="103" count="3" type="stmt"/>
      </file>
      <file name="Badge.tsx" path="/Users/jordanmadden/Documents/HTWA/components/Badge.tsx">
        <metrics statements="6" coveredstatements="6" conditionals="2" coveredconditionals="2" methods="1" coveredmethods="1"/>
        <line num="26" count="1" type="stmt"/>
        <line num="28" count="1" type="stmt"/>
        <line num="43" count="19" type="cond" truecount="2" falsecount="0"/>
        <line num="44" count="10" type="stmt"/>
        <line num="53" count="9" type="stmt"/>
        <line num="64" count="1" type="stmt"/>
      </file>
      <file name="Button.tsx" path="/Users/jordanmadden/Documents/HTWA/components/Button.tsx">
        <metrics statements="5" coveredstatements="5" conditionals="14" coveredconditionals="14" methods="1" coveredmethods="1"/>
        <line num="31" count="4" type="stmt"/>
        <line num="33" count="4" type="stmt"/>
        <line num="35" count="4" type="stmt"/>
        <line num="65" count="169" type="stmt"/>
        <line num="98" count="4" type="stmt"/>
      </file>
      <file name="Card.tsx" path="/Users/jordanmadden/Documents/HTWA/components/Card.tsx">
        <metrics statements="3" coveredstatements="3" conditionals="0" coveredconditionals="0" methods="1" coveredmethods="1"/>
        <line num="27" count="3" type="stmt"/>
        <line num="39" count="79" type="stmt"/>
        <line num="50" count="3" type="stmt"/>
      </file>
      <file name="Chip.tsx" path="/Users/jordanmadden/Documents/HTWA/components/Chip.tsx">
        <metrics statements="6" coveredstatements="6" conditionals="2" coveredconditionals="2" methods="1" coveredmethods="1"/>
        <line num="30" count="3" type="stmt"/>
        <line num="44" count="208" type="stmt"/>
        <line num="46" count="208" type="cond" truecount="2" falsecount="0"/>
        <line num="47" count="2" type="stmt"/>
        <line num="60" count="206" type="stmt"/>
        <line num="71" count="3" type="stmt"/>
      </file>
      <file name="Input.tsx" path="/Users/jordanmadden/Documents/HTWA/components/Input.tsx">
        <metrics statements="10" coveredstatements="10" conditionals="6" coveredconditionals="6" methods="3" coveredmethods="3"/>
        <line num="33" count="2" type="stmt"/>
        <line num="60" count="362" type="stmt"/>
        <line num="62" count="362" type="stmt"/>
        <line num="63" count="4" type="stmt"/>
        <line num="64" count="4" type="stmt"/>
        <line num="67" count="362" type="stmt"/>
        <line num="68" count="2" type="stmt"/>
        <line num="69" count="2" type="stmt"/>
        <line num="72" count="362" type="stmt"/>
        <line num="102" count="2" type="stmt"/>
      </file>
      <file name="Text.tsx" path="/Users/jordanmadden/Documents/HTWA/components/Text.tsx">
        <metrics statements="4" coveredstatements="4" conditionals="3" coveredconditionals="3" methods="1" coveredmethods="1"/>
        <line num="60" count="62" type="stmt"/>
        <line num="68" count="62" type="stmt"/>
        <line num="73" count="62" type="cond" truecount="2" falsecount="0"/>
        <line num="77" count="62" type="stmt"/>
      </file>
    </package>
  </project>
</coverage>
