{"/Users/jordanmadden/Documents/HTWA/app/home.tsx": {"path":"/Users/jordanmadden/Documents/HTWA/app/home.tsx","statementMap":{"0":{"start":{"line":51,"column":35},"end":{"line":51,"column":37}},"1":{"start":{"line":54,"column":23},"end":{"line":54,"column":25}},"2":{"start":{"line":57,"column":31},"end":{"line":57,"column":33}},"3":{"start":{"line":69,"column":41},"end":{"line":98,"column":1}},"4":{"start":{"line":103,"column":36},"end":{"line":103,"column":59}},"5":{"start":{"line":104,"column":36},"end":{"line":104,"column":48}},"6":{"start":{"line":105,"column":36},"end":{"line":105,"column":48}},"7":{"start":{"line":108,"column":24},"end":{"line":108,"column":42}},"8":{"start":{"line":109,"column":24},"end":{"line":109,"column":74}},"9":{"start":{"line":110,"column":24},"end":{"line":110,"column":54}},"10":{"start":{"line":114,"column":31},"end":{"line":114,"column":57}},"11":{"start":{"line":114,"column":37},"end":{"line":114,"column":57}},"12":{"start":{"line":115,"column":31},"end":{"line":115,"column":58}},"13":{"start":{"line":115,"column":37},"end":{"line":115,"column":58}},"14":{"start":{"line":117,"column":21},"end":{"line":120,"column":3}},"15":{"start":{"line":118,"column":4},"end":{"line":118,"column":24}},"16":{"start":{"line":119,"column":4},"end":{"line":119,"column":24}},"17":{"start":{"line":122,"column":28},"end":{"line":124,"column":3}},"18":{"start":{"line":128,"column":2},"end":{"line":300,"column":4}},"19":{"start":{"line":247,"column":14},"end":{"line":260,"column":21}},"20":{"start":{"line":266,"column":14},"end":{"line":279,"column":21}},"21":{"start":{"line":305,"column":15},"end":{"line":478,"column":2}}},"fnMap":{"0":{"name":"HomeScreen","decl":{"start":{"line":102,"column":24},"end":{"line":102,"column":34}},"loc":{"start":{"line":102,"column":37},"end":{"line":301,"column":1}},"line":102},"1":{"name":"(anonymous_1)","decl":{"start":{"line":114,"column":31},"end":{"line":114,"column":32}},"loc":{"start":{"line":114,"column":37},"end":{"line":114,"column":57}},"line":114},"2":{"name":"(anonymous_2)","decl":{"start":{"line":115,"column":31},"end":{"line":115,"column":32}},"loc":{"start":{"line":115,"column":37},"end":{"line":115,"column":58}},"line":115},"3":{"name":"(anonymous_3)","decl":{"start":{"line":117,"column":21},"end":{"line":117,"column":22}},"loc":{"start":{"line":117,"column":27},"end":{"line":120,"column":3}},"line":117},"4":{"name":"(anonymous_4)","decl":{"start":{"line":122,"column":28},"end":{"line":122,"column":29}},"loc":{"start":{"line":122,"column":34},"end":{"line":124,"column":3}},"line":122},"5":{"name":"(anonymous_5)","decl":{"start":{"line":246,"column":45},"end":{"line":246,"column":46}},"loc":{"start":{"line":247,"column":14},"end":{"line":260,"column":21}},"line":247},"6":{"name":"(anonymous_6)","decl":{"start":{"line":265,"column":45},"end":{"line":265,"column":46}},"loc":{"start":{"line":266,"column":14},"end":{"line":279,"column":21}},"line":266}},"branchMap":{"0":{"loc":{"start":{"line":109,"column":24},"end":{"line":109,"column":74}},"type":"cond-expr","locations":[{"start":{"line":109,"column":36},"end":{"line":109,"column":57}},{"start":{"line":109,"column":60},"end":{"line":109,"column":74}}],"line":109},"1":{"loc":{"start":{"line":110,"column":24},"end":{"line":110,"column":54}},"type":"cond-expr","locations":[{"start":{"line":110,"column":36},"end":{"line":110,"column":48}},{"start":{"line":110,"column":51},"end":{"line":110,"column":54}}],"line":110},"2":{"loc":{"start":{"line":133,"column":10},"end":{"line":133,"column":76}},"type":"cond-expr","locations":[{"start":{"line":133,"column":38},"end":{"line":133,"column":59}},{"start":{"line":133,"column":62},"end":{"line":133,"column":76}}],"line":133},"3":{"loc":{"start":{"line":150,"column":32},"end":{"line":150,"column":72}},"type":"binary-expr","locations":[{"start":{"line":150,"column":32},"end":{"line":150,"column":52}},{"start":{"line":150,"column":56},"end":{"line":150,"column":72}}],"line":150},"4":{"loc":{"start":{"line":156,"column":42},"end":{"line":156,"column":86}},"type":"binary-expr","locations":[{"start":{"line":156,"column":42},"end":{"line":156,"column":62}},{"start":{"line":156,"column":66},"end":{"line":156,"column":86}}],"line":156},"5":{"loc":{"start":{"line":162,"column":32},"end":{"line":162,"column":73}},"type":"binary-expr","locations":[{"start":{"line":162,"column":32},"end":{"line":162,"column":53}},{"start":{"line":162,"column":57},"end":{"line":162,"column":73}}],"line":162},"6":{"loc":{"start":{"line":168,"column":42},"end":{"line":168,"column":87}},"type":"binary-expr","locations":[{"start":{"line":168,"column":42},"end":{"line":168,"column":63}},{"start":{"line":168,"column":67},"end":{"line":168,"column":87}}],"line":168}},"s":{"0":2,"1":2,"2":2,"3":2,"4":65,"5":65,"6":65,"7":65,"8":65,"9":65,"10":65,"11":2,"12":65,"13":4,"14":65,"15":4,"16":4,"17":65,"18":65,"19":130,"20":130,"21":2},"f":{"0":65,"1":2,"2":4,"3":4,"4":1,"5":130,"6":130},"b":{"0":[65,0],"1":[65,0],"2":[1,64],"3":[65,61],"4":[65,61],"5":[65,4],"6":[65,4]},"_coverageSchema":"1a1c01bbd47fc00a2c39e90264f33305004495a9","hash":"7b92b19da7e426287790ca81e060309a52343ac5"}
,"/Users/jordanmadden/Documents/HTWA/app/index.tsx": {"path":"/Users/jordanmadden/Documents/HTWA/app/index.tsx","statementMap":{},"fnMap":{},"branchMap":{},"s":{},"f":{},"b":{}}
,"/Users/jordanmadden/Documents/HTWA/app/login.tsx": {"path":"/Users/jordanmadden/Documents/HTWA/app/login.tsx","statementMap":{"0":{"start":{"line":9,"column":17},"end":{"line":9,"column":28}},"1":{"start":{"line":12,"column":23},"end":{"line":12,"column":57}},"2":{"start":{"line":12,"column":29},"end":{"line":12,"column":57}},"3":{"start":{"line":13,"column":23},"end":{"line":13,"column":58}},"4":{"start":{"line":13,"column":29},"end":{"line":13,"column":58}},"5":{"start":{"line":14,"column":23},"end":{"line":14,"column":58}},"6":{"start":{"line":14,"column":29},"end":{"line":14,"column":58}},"7":{"start":{"line":15,"column":23},"end":{"line":15,"column":57}},"8":{"start":{"line":15,"column":29},"end":{"line":15,"column":57}},"9":{"start":{"line":17,"column":34},"end":{"line":17,"column":78}},"10":{"start":{"line":17,"column":40},"end":{"line":17,"column":78}},"11":{"start":{"line":18,"column":34},"end":{"line":18,"column":86}},"12":{"start":{"line":18,"column":40},"end":{"line":18,"column":86}},"13":{"start":{"line":20,"column":2},"end":{"line":119,"column":4}},"14":{"start":{"line":124,"column":15},"end":{"line":272,"column":2}}},"fnMap":{"0":{"name":"LoginScreen","decl":{"start":{"line":8,"column":24},"end":{"line":8,"column":35}},"loc":{"start":{"line":8,"column":38},"end":{"line":120,"column":1}},"line":8},"1":{"name":"(anonymous_1)","decl":{"start":{"line":12,"column":23},"end":{"line":12,"column":24}},"loc":{"start":{"line":12,"column":29},"end":{"line":12,"column":57}},"line":12},"2":{"name":"(anonymous_2)","decl":{"start":{"line":13,"column":23},"end":{"line":13,"column":24}},"loc":{"start":{"line":13,"column":29},"end":{"line":13,"column":58}},"line":13},"3":{"name":"(anonymous_3)","decl":{"start":{"line":14,"column":23},"end":{"line":14,"column":24}},"loc":{"start":{"line":14,"column":29},"end":{"line":14,"column":58}},"line":14},"4":{"name":"(anonymous_4)","decl":{"start":{"line":15,"column":23},"end":{"line":15,"column":24}},"loc":{"start":{"line":15,"column":29},"end":{"line":15,"column":57}},"line":15},"5":{"name":"(anonymous_5)","decl":{"start":{"line":17,"column":34},"end":{"line":17,"column":35}},"loc":{"start":{"line":17,"column":40},"end":{"line":17,"column":78}},"line":17},"6":{"name":"(anonymous_6)","decl":{"start":{"line":18,"column":34},"end":{"line":18,"column":35}},"loc":{"start":{"line":18,"column":40},"end":{"line":18,"column":86}},"line":18}},"branchMap":{},"s":{"0":19,"1":19,"2":3,"3":19,"4":2,"5":19,"6":2,"7":19,"8":2,"9":19,"10":0,"11":19,"12":0,"13":19,"14":1},"f":{"0":19,"1":3,"2":2,"3":2,"4":2,"5":0,"6":0},"b":{},"_coverageSchema":"1a1c01bbd47fc00a2c39e90264f33305004495a9","hash":"14b26d3f58ffeb68260bfe4ba5b06d361da167eb"}
,"/Users/jordanmadden/Documents/HTWA/app/signin-apple.tsx": {"path":"/Users/jordanmadden/Documents/HTWA/app/signin-apple.tsx","statementMap":{"0":{"start":{"line":13,"column":17},"end":{"line":13,"column":28}},"1":{"start":{"line":15,"column":2},"end":{"line":17,"column":15}},"2":{"start":{"line":16,"column":4},"end":{"line":16,"column":30}},"3":{"start":{"line":19,"column":2},"end":{"line":19,"column":14}}},"fnMap":{"0":{"name":"SignInApple","decl":{"start":{"line":12,"column":24},"end":{"line":12,"column":35}},"loc":{"start":{"line":12,"column":38},"end":{"line":20,"column":1}},"line":12},"1":{"name":"(anonymous_1)","decl":{"start":{"line":15,"column":12},"end":{"line":15,"column":13}},"loc":{"start":{"line":15,"column":18},"end":{"line":17,"column":3}},"line":15}},"branchMap":{},"s":{"0":0,"1":0,"2":0,"3":0},"f":{"0":0,"1":0},"b":{}}
,"/Users/jordanmadden/Documents/HTWA/app/signin-email.tsx": {"path":"/Users/jordanmadden/Documents/HTWA/app/signin-email.tsx","statementMap":{"0":{"start":{"line":13,"column":17},"end":{"line":13,"column":28}},"1":{"start":{"line":15,"column":2},"end":{"line":17,"column":15}},"2":{"start":{"line":16,"column":4},"end":{"line":16,"column":30}},"3":{"start":{"line":19,"column":2},"end":{"line":19,"column":14}}},"fnMap":{"0":{"name":"SignInEmail","decl":{"start":{"line":12,"column":24},"end":{"line":12,"column":35}},"loc":{"start":{"line":12,"column":38},"end":{"line":20,"column":1}},"line":12},"1":{"name":"(anonymous_1)","decl":{"start":{"line":15,"column":12},"end":{"line":15,"column":13}},"loc":{"start":{"line":15,"column":18},"end":{"line":17,"column":3}},"line":15}},"branchMap":{},"s":{"0":0,"1":0,"2":0,"3":0},"f":{"0":0,"1":0},"b":{}}
,"/Users/jordanmadden/Documents/HTWA/app/signin-google.tsx": {"path":"/Users/jordanmadden/Documents/HTWA/app/signin-google.tsx","statementMap":{"0":{"start":{"line":13,"column":17},"end":{"line":13,"column":28}},"1":{"start":{"line":15,"column":2},"end":{"line":17,"column":15}},"2":{"start":{"line":16,"column":4},"end":{"line":16,"column":30}},"3":{"start":{"line":19,"column":2},"end":{"line":19,"column":14}}},"fnMap":{"0":{"name":"SignInGoogle","decl":{"start":{"line":12,"column":24},"end":{"line":12,"column":36}},"loc":{"start":{"line":12,"column":39},"end":{"line":20,"column":1}},"line":12},"1":{"name":"(anonymous_1)","decl":{"start":{"line":15,"column":12},"end":{"line":15,"column":13}},"loc":{"start":{"line":15,"column":18},"end":{"line":17,"column":3}},"line":15}},"branchMap":{},"s":{"0":0,"1":0,"2":0,"3":0},"f":{"0":0,"1":0},"b":{}}
,"/Users/jordanmadden/Documents/HTWA/app/signin-mobile.tsx": {"path":"/Users/jordanmadden/Documents/HTWA/app/signin-mobile.tsx","statementMap":{"0":{"start":{"line":13,"column":17},"end":{"line":13,"column":28}},"1":{"start":{"line":15,"column":2},"end":{"line":17,"column":15}},"2":{"start":{"line":16,"column":4},"end":{"line":16,"column":30}},"3":{"start":{"line":19,"column":2},"end":{"line":19,"column":14}}},"fnMap":{"0":{"name":"SignInMobile","decl":{"start":{"line":12,"column":24},"end":{"line":12,"column":36}},"loc":{"start":{"line":12,"column":39},"end":{"line":20,"column":1}},"line":12},"1":{"name":"(anonymous_1)","decl":{"start":{"line":15,"column":12},"end":{"line":15,"column":13}},"loc":{"start":{"line":15,"column":18},"end":{"line":17,"column":3}},"line":15}},"branchMap":{},"s":{"0":0,"1":0,"2":0,"3":0},"f":{"0":0,"1":0},"b":{}}
,"/Users/jordanmadden/Documents/HTWA/app/signup.tsx": {"path":"/Users/jordanmadden/Documents/HTWA/app/signup.tsx","statementMap":{"0":{"start":{"line":18,"column":17},"end":{"line":18,"column":28}},"1":{"start":{"line":21,"column":42},"end":{"line":21,"column":54}},"2":{"start":{"line":22,"column":42},"end":{"line":22,"column":54}},"3":{"start":{"line":23,"column":42},"end":{"line":23,"column":54}},"4":{"start":{"line":24,"column":42},"end":{"line":24,"column":54}},"5":{"start":{"line":25,"column":42},"end":{"line":25,"column":77}},"6":{"start":{"line":27,"column":42},"end":{"line":27,"column":73}},"7":{"start":{"line":30,"column":31},"end":{"line":33,"column":3}},"8":{"start":{"line":31,"column":4},"end":{"line":31,"column":30}},"9":{"start":{"line":32,"column":4},"end":{"line":32,"column":52}},"10":{"start":{"line":36,"column":18},"end":{"line":46,"column":56}},"11":{"start":{"line":37,"column":24},"end":{"line":37,"column":48}},"12":{"start":{"line":38,"column":4},"end":{"line":45,"column":6}},"13":{"start":{"line":48,"column":25},"end":{"line":48,"column":53}},"14":{"start":{"line":48,"column":31},"end":{"line":48,"column":53}},"15":{"start":{"line":50,"column":2},"end":{"line":156,"column":4}},"16":{"start":{"line":112,"column":27},"end":{"line":112,"column":54}},"17":{"start":{"line":125,"column":27},"end":{"line":125,"column":53}},"18":{"start":{"line":161,"column":15},"end":{"line":234,"column":2}}},"fnMap":{"0":{"name":"SignupScreen","decl":{"start":{"line":17,"column":24},"end":{"line":17,"column":36}},"loc":{"start":{"line":17,"column":39},"end":{"line":157,"column":1}},"line":17},"1":{"name":"(anonymous_1)","decl":{"start":{"line":30,"column":31},"end":{"line":30,"column":32}},"loc":{"start":{"line":30,"column":59},"end":{"line":33,"column":3}},"line":30},"2":{"name":"(anonymous_2)","decl":{"start":{"line":36,"column":26},"end":{"line":36,"column":27}},"loc":{"start":{"line":36,"column":32},"end":{"line":46,"column":3}},"line":36},"3":{"name":"(anonymous_3)","decl":{"start":{"line":48,"column":25},"end":{"line":48,"column":26}},"loc":{"start":{"line":48,"column":31},"end":{"line":48,"column":53}},"line":48},"4":{"name":"(anonymous_4)","decl":{"start":{"line":112,"column":21},"end":{"line":112,"column":22}},"loc":{"start":{"line":112,"column":27},"end":{"line":112,"column":54}},"line":112},"5":{"name":"(anonymous_5)","decl":{"start":{"line":125,"column":21},"end":{"line":125,"column":22}},"loc":{"start":{"line":125,"column":27},"end":{"line":125,"column":53}},"line":125}},"branchMap":{"0":{"loc":{"start":{"line":32,"column":16},"end":{"line":32,"column":50}},"type":"cond-expr","locations":[{"start":{"line":32,"column":37},"end":{"line":32,"column":42}},{"start":{"line":32,"column":45},"end":{"line":32,"column":50}}],"line":32},"1":{"loc":{"start":{"line":39,"column":6},"end":{"line":44,"column":27}},"type":"binary-expr","locations":[{"start":{"line":39,"column":6},"end":{"line":39,"column":32}},{"start":{"line":40,"column":6},"end":{"line":40,"column":25}},{"start":{"line":41,"column":6},"end":{"line":41,"column":25}},{"start":{"line":42,"column":6},"end":{"line":42,"column":29}},{"start":{"line":43,"column":6},"end":{"line":43,"column":34}},{"start":{"line":44,"column":6},"end":{"line":44,"column":27}}],"line":39},"2":{"loc":{"start":{"line":111,"column":33},"end":{"line":111,"column":78}},"type":"binary-expr","locations":[{"start":{"line":111,"column":33},"end":{"line":111,"column":55}},{"start":{"line":111,"column":59},"end":{"line":111,"column":78}}],"line":111},"3":{"loc":{"start":{"line":118,"column":43},"end":{"line":118,"column":92}},"type":"binary-expr","locations":[{"start":{"line":118,"column":43},"end":{"line":118,"column":65}},{"start":{"line":118,"column":69},"end":{"line":118,"column":92}}],"line":118},"4":{"loc":{"start":{"line":124,"column":33},"end":{"line":124,"column":77}},"type":"binary-expr","locations":[{"start":{"line":124,"column":33},"end":{"line":124,"column":54}},{"start":{"line":124,"column":58},"end":{"line":124,"column":77}}],"line":124},"5":{"loc":{"start":{"line":131,"column":43},"end":{"line":131,"column":91}},"type":"binary-expr","locations":[{"start":{"line":131,"column":43},"end":{"line":131,"column":64}},{"start":{"line":131,"column":68},"end":{"line":131,"column":91}}],"line":131},"6":{"loc":{"start":{"line":139,"column":11},"end":{"line":143,"column":42}},"type":"cond-expr","locations":[{"start":{"line":140,"column":14},"end":{"line":140,"column":44}},{"start":{"line":141,"column":14},"end":{"line":143,"column":42}}],"line":139},"7":{"loc":{"start":{"line":141,"column":14},"end":{"line":143,"column":42}},"type":"cond-expr","locations":[{"start":{"line":142,"column":14},"end":{"line":142,"column":45}},{"start":{"line":143,"column":14},"end":{"line":143,"column":42}}],"line":141}},"s":{"0":84,"1":84,"2":84,"3":84,"4":84,"5":84,"6":84,"7":84,"8":13,"9":13,"10":84,"11":84,"12":84,"13":84,"14":2,"15":84,"16":10,"17":3,"18":1},"f":{"0":84,"1":13,"2":84,"3":2,"4":10,"5":3},"b":{"0":[10,3],"1":[84,54,42,41,30,19],"2":[84,14],"3":[84,14],"4":[84,3],"5":[84,3],"6":[14,70],"7":[3,67]},"_coverageSchema":"1a1c01bbd47fc00a2c39e90264f33305004495a9","hash":"5484c07b1e4fbbdf14ba297be1b1b123b6e7680c"}
,"/Users/jordanmadden/Documents/HTWA/app/verify.tsx": {"path":"/Users/jordanmadden/Documents/HTWA/app/verify.tsx","statementMap":{"0":{"start":{"line":8,"column":2},"end":{"line":13,"column":4}},"1":{"start":{"line":18,"column":15},"end":{"line":37,"column":2}}},"fnMap":{"0":{"name":"VerifyScreen","decl":{"start":{"line":7,"column":24},"end":{"line":7,"column":36}},"loc":{"start":{"line":7,"column":39},"end":{"line":14,"column":1}},"line":7}},"branchMap":{},"s":{"0":0,"1":0},"f":{"0":0},"b":{}}
,"/Users/jordanmadden/Documents/HTWA/app/(tabs)/_layout 2.tsx": {"path":"/Users/jordanmadden/Documents/HTWA/app/(tabs)/_layout 2.tsx","statementMap":{"0":{"start":{"line":20,"column":34},"end":{"line":20,"column":55}},"1":{"start":{"line":23,"column":32},"end":{"line":23,"column":53}},"2":{"start":{"line":28,"column":27},"end":{"line":53,"column":10}},"3":{"start":{"line":58,"column":34},"end":{"line":68,"column":10}},"4":{"start":{"line":73,"column":2},"end":{"line":92,"column":4}},"5":{"start":{"line":76,"column":8},"end":{"line":89,"column":10}},"6":{"start":{"line":82,"column":14},"end":{"line":86,"column":16}}},"fnMap":{"0":{"name":"TabLayout","decl":{"start":{"line":72,"column":24},"end":{"line":72,"column":33}},"loc":{"start":{"line":72,"column":56},"end":{"line":93,"column":1}},"line":72},"1":{"name":"(anonymous_1)","decl":{"start":{"line":75,"column":23},"end":{"line":75,"column":24}},"loc":{"start":{"line":76,"column":8},"end":{"line":89,"column":10}},"line":76},"2":{"name":"(anonymous_2)","decl":{"start":{"line":81,"column":24},"end":{"line":81,"column":25}},"loc":{"start":{"line":82,"column":14},"end":{"line":86,"column":16}},"line":82}},"branchMap":{"0":{"loc":{"start":{"line":83,"column":22},"end":{"line":83,"column":50}},"type":"cond-expr","locations":[{"start":{"line":83,"column":32},"end":{"line":83,"column":36}},{"start":{"line":83,"column":39},"end":{"line":83,"column":50}}],"line":83}},"s":{"0":0,"1":0,"2":0,"3":0,"4":0,"5":0,"6":0},"f":{"0":0,"1":0,"2":0},"b":{"0":[0,0]}}
,"/Users/jordanmadden/Documents/HTWA/app/(tabs)/index 2.tsx": {"path":"/Users/jordanmadden/Documents/HTWA/app/(tabs)/index 2.tsx","statementMap":{},"fnMap":{},"branchMap":{},"s":{},"f":{},"b":{}}
,"/Users/jordanmadden/Documents/HTWA/app/(tabs)/index.tsx": {"path":"/Users/jordanmadden/Documents/HTWA/app/(tabs)/index.tsx","statementMap":{},"fnMap":{},"branchMap":{},"s":{},"f":{},"b":{}}
,"/Users/jordanmadden/Documents/HTWA/app/(tabs)/profile 2.tsx": {"path":"/Users/jordanmadden/Documents/HTWA/app/(tabs)/profile 2.tsx","statementMap":{"0":{"start":{"line":12,"column":2},"end":{"line":16,"column":4}},"1":{"start":{"line":19,"column":15},"end":{"line":30,"column":2}}},"fnMap":{"0":{"name":"ProfileScreen","decl":{"start":{"line":11,"column":24},"end":{"line":11,"column":37}},"loc":{"start":{"line":11,"column":60},"end":{"line":17,"column":1}},"line":11}},"branchMap":{},"s":{"0":0,"1":0},"f":{"0":0},"b":{}}
,"/Users/jordanmadden/Documents/HTWA/app/(tabs)/profile.tsx": {"path":"/Users/jordanmadden/Documents/HTWA/app/(tabs)/profile.tsx","statementMap":{"0":{"start":{"line":12,"column":2},"end":{"line":16,"column":4}},"1":{"start":{"line":19,"column":15},"end":{"line":30,"column":2}}},"fnMap":{"0":{"name":"ProfileScreen","decl":{"start":{"line":11,"column":24},"end":{"line":11,"column":37}},"loc":{"start":{"line":11,"column":60},"end":{"line":17,"column":1}},"line":11}},"branchMap":{},"s":{"0":0,"1":0},"f":{"0":0},"b":{}}
,"/Users/jordanmadden/Documents/HTWA/app/(tabs)/search 2.tsx": {"path":"/Users/jordanmadden/Documents/HTWA/app/(tabs)/search 2.tsx","statementMap":{"0":{"start":{"line":12,"column":2},"end":{"line":16,"column":4}},"1":{"start":{"line":19,"column":15},"end":{"line":30,"column":2}}},"fnMap":{"0":{"name":"SearchScreen","decl":{"start":{"line":11,"column":24},"end":{"line":11,"column":36}},"loc":{"start":{"line":11,"column":59},"end":{"line":17,"column":1}},"line":11}},"branchMap":{},"s":{"0":0,"1":0},"f":{"0":0},"b":{}}
,"/Users/jordanmadden/Documents/HTWA/app/(tabs)/search.tsx": {"path":"/Users/jordanmadden/Documents/HTWA/app/(tabs)/search.tsx","statementMap":{"0":{"start":{"line":12,"column":2},"end":{"line":16,"column":4}},"1":{"start":{"line":19,"column":15},"end":{"line":30,"column":2}}},"fnMap":{"0":{"name":"SearchScreen","decl":{"start":{"line":11,"column":24},"end":{"line":11,"column":36}},"loc":{"start":{"line":11,"column":59},"end":{"line":17,"column":1}},"line":11}},"branchMap":{},"s":{"0":0,"1":0},"f":{"0":0},"b":{}}
,"/Users/jordanmadden/Documents/HTWA/app/(tabs)/trips 2.tsx": {"path":"/Users/jordanmadden/Documents/HTWA/app/(tabs)/trips 2.tsx","statementMap":{"0":{"start":{"line":12,"column":2},"end":{"line":16,"column":4}},"1":{"start":{"line":19,"column":15},"end":{"line":30,"column":2}}},"fnMap":{"0":{"name":"TripsScreen","decl":{"start":{"line":11,"column":24},"end":{"line":11,"column":35}},"loc":{"start":{"line":11,"column":58},"end":{"line":17,"column":1}},"line":11}},"branchMap":{},"s":{"0":0,"1":0},"f":{"0":0},"b":{}}
,"/Users/jordanmadden/Documents/HTWA/app/(tabs)/trips.tsx": {"path":"/Users/jordanmadden/Documents/HTWA/app/(tabs)/trips.tsx","statementMap":{"0":{"start":{"line":12,"column":2},"end":{"line":16,"column":4}},"1":{"start":{"line":19,"column":15},"end":{"line":30,"column":2}}},"fnMap":{"0":{"name":"TripsScreen","decl":{"start":{"line":11,"column":24},"end":{"line":11,"column":35}},"loc":{"start":{"line":11,"column":58},"end":{"line":17,"column":1}},"line":11}},"branchMap":{},"s":{"0":0,"1":0},"f":{"0":0},"b":{}}
,"/Users/jordanmadden/Documents/HTWA/app/screens/SplashScreen.tsx": {"path":"/Users/jordanmadden/Documents/HTWA/app/screens/SplashScreen.tsx","statementMap":{"0":{"start":{"line":7,"column":23},"end":{"line":7,"column":35}},"1":{"start":{"line":10,"column":22},"end":{"line":10,"column":28}},"2":{"start":{"line":11,"column":22},"end":{"line":11,"column":25}},"3":{"start":{"line":12,"column":22},"end":{"line":12,"column":48}},"4":{"start":{"line":15,"column":17},"end":{"line":15,"column":28}},"5":{"start":{"line":17,"column":2},"end":{"line":33,"column":15}},"6":{"start":{"line":19,"column":6},"end":{"line":29,"column":7}},"7":{"start":{"line":20,"column":22},"end":{"line":20,"column":64}},"8":{"start":{"line":21,"column":8},"end":{"line":25,"column":9}},"9":{"start":{"line":22,"column":10},"end":{"line":22,"column":36}},"10":{"start":{"line":24,"column":10},"end":{"line":24,"column":35}},"11":{"start":{"line":28,"column":8},"end":{"line":28,"column":33}},"12":{"start":{"line":32,"column":4},"end":{"line":32,"column":21}},"13":{"start":{"line":35,"column":2},"end":{"line":50,"column":4}},"14":{"start":{"line":53,"column":15},"end":{"line":92,"column":2}}},"fnMap":{"0":{"name":"SplashScreen","decl":{"start":{"line":14,"column":24},"end":{"line":14,"column":36}},"loc":{"start":{"line":14,"column":39},"end":{"line":51,"column":1}},"line":14},"1":{"name":"(anonymous_1)","decl":{"start":{"line":17,"column":12},"end":{"line":17,"column":13}},"loc":{"start":{"line":17,"column":18},"end":{"line":33,"column":3}},"line":17},"2":{"name":"checkAuth","decl":{"start":{"line":18,"column":19},"end":{"line":18,"column":28}},"loc":{"start":{"line":18,"column":46},"end":{"line":30,"column":5}},"line":18}},"branchMap":{"0":{"loc":{"start":{"line":21,"column":8},"end":{"line":25,"column":9}},"type":"if","locations":[{"start":{"line":21,"column":8},"end":{"line":25,"column":9}},{"start":{"line":23,"column":15},"end":{"line":25,"column":9}}],"line":21}},"s":{"0":1,"1":1,"2":1,"3":1,"4":10,"5":10,"6":10,"7":10,"8":9,"9":1,"10":8,"11":1,"12":10,"13":10,"14":1},"f":{"0":10,"1":10,"2":10},"b":{"0":[1,8]},"_coverageSchema":"1a1c01bbd47fc00a2c39e90264f33305004495a9","hash":"b2a7ac117c9109b853abd8014dfe6ae4c4c5665d"}
,"/Users/jordanmadden/Documents/HTWA/components/Avatar.tsx": {"path":"/Users/jordanmadden/Documents/HTWA/components/Avatar.tsx","statementMap":{"0":{"start":{"line":34,"column":27},"end":{"line":34,"column":29}},"1":{"start":{"line":36,"column":28},"end":{"line":36,"column":29}},"2":{"start":{"line":38,"column":28},"end":{"line":38,"column":30}},"3":{"start":{"line":67,"column":18},"end":{"line":67,"column":72}},"4":{"start":{"line":69,"column":2},"end":{"line":96,"column":4}},"5":{"start":{"line":103,"column":15},"end":{"line":118,"column":2}}},"fnMap":{"0":{"name":"Avatar","decl":{"start":{"line":59,"column":16},"end":{"line":59,"column":22}},"loc":{"start":{"line":66,"column":36},"end":{"line":97,"column":1}},"line":66}},"branchMap":{"0":{"loc":{"start":{"line":61,"column":2},"end":{"line":61,"column":28}},"type":"default-arg","locations":[{"start":{"line":61,"column":9},"end":{"line":61,"column":28}}],"line":61},"1":{"loc":{"start":{"line":62,"column":2},"end":{"line":62,"column":19}},"type":"default-arg","locations":[{"start":{"line":62,"column":10},"end":{"line":62,"column":19}}],"line":62},"2":{"loc":{"start":{"line":67,"column":18},"end":{"line":67,"column":72}},"type":"cond-expr","locations":[{"start":{"line":67,"column":40},"end":{"line":67,"column":54}},{"start":{"line":67,"column":57},"end":{"line":67,"column":72}}],"line":67},"3":{"loc":{"start":{"line":83,"column":7},"end":{"line":94,"column":7}},"type":"cond-expr","locations":[{"start":{"line":84,"column":8},"end":{"line":89,"column":10}},{"start":{"line":91,"column":8},"end":{"line":93,"column":15}}],"line":83},"4":{"loc":{"start":{"line":88,"column":18},"end":{"line":88,"column":64}},"type":"cond-expr","locations":[{"start":{"line":88,"column":35},"end":{"line":88,"column":52}},{"start":{"line":88,"column":55},"end":{"line":88,"column":64}}],"line":88}},"s":{"0":3,"1":3,"2":3,"3":88,"4":88,"5":3},"f":{"0":88},"b":{"0":[86],"1":[86],"2":[87,1],"3":[3,85],"4":[2,1]},"_coverageSchema":"1a1c01bbd47fc00a2c39e90264f33305004495a9","hash":"0ad5fad3bb31198a12b93f2760e4f63b4589457f"}
,"/Users/jordanmadden/Documents/HTWA/components/Badge.tsx": {"path":"/Users/jordanmadden/Documents/HTWA/components/Badge.tsx","statementMap":{"0":{"start":{"line":26,"column":27},"end":{"line":26,"column":29}},"1":{"start":{"line":28,"column":30},"end":{"line":28,"column":39}},"2":{"start":{"line":43,"column":2},"end":{"line":50,"column":3}},"3":{"start":{"line":44,"column":4},"end":{"line":49,"column":6}},"4":{"start":{"line":53,"column":2},"end":{"line":57,"column":4}},"5":{"start":{"line":64,"column":15},"end":{"line":99,"column":2}}},"fnMap":{"0":{"name":"Badge","decl":{"start":{"line":42,"column":16},"end":{"line":42,"column":21}},"loc":{"start":{"line":42,"column":82},"end":{"line":58,"column":1}},"line":42}},"branchMap":{"0":{"loc":{"start":{"line":43,"column":2},"end":{"line":50,"column":3}},"type":"if","locations":[{"start":{"line":43,"column":2},"end":{"line":50,"column":3}},{"start":{},"end":{}}],"line":43}},"s":{"0":1,"1":1,"2":19,"3":10,"4":9,"5":1},"f":{"0":19},"b":{"0":[10,9]},"_coverageSchema":"1a1c01bbd47fc00a2c39e90264f33305004495a9","hash":"523760f27368e9e7f832b21adf204127d4bf1214"}
,"/Users/jordanmadden/Documents/HTWA/components/Button.tsx": {"path":"/Users/jordanmadden/Documents/HTWA/components/Button.tsx","statementMap":{"0":{"start":{"line":31,"column":28},"end":{"line":31,"column":37}},"1":{"start":{"line":33,"column":34},"end":{"line":33,"column":45}},"2":{"start":{"line":35,"column":31},"end":{"line":35,"column":34}},"3":{"start":{"line":65,"column":2},"end":{"line":91,"column":4}},"4":{"start":{"line":98,"column":15},"end":{"line":134,"column":2}}},"fnMap":{"0":{"name":"Button","decl":{"start":{"line":56,"column":16},"end":{"line":56,"column":22}},"loc":{"start":{"line":64,"column":36},"end":{"line":92,"column":1}},"line":64}},"branchMap":{"0":{"loc":{"start":{"line":57,"column":2},"end":{"line":57,"column":21}},"type":"default-arg","locations":[{"start":{"line":57,"column":12},"end":{"line":57,"column":21}}],"line":57},"1":{"loc":{"start":{"line":59,"column":2},"end":{"line":59,"column":18}},"type":"default-arg","locations":[{"start":{"line":59,"column":13},"end":{"line":59,"column":18}}],"line":59},"2":{"loc":{"start":{"line":69,"column":8},"end":{"line":69,"column":65}},"type":"cond-expr","locations":[{"start":{"line":69,"column":32},"end":{"line":69,"column":46}},{"start":{"line":69,"column":49},"end":{"line":69,"column":65}}],"line":69},"3":{"loc":{"start":{"line":70,"column":8},"end":{"line":70,"column":35}},"type":"binary-expr","locations":[{"start":{"line":70,"column":8},"end":{"line":70,"column":16}},{"start":{"line":70,"column":20},"end":{"line":70,"column":35}}],"line":70},"4":{"loc":{"start":{"line":73,"column":15},"end":{"line":73,"column":45}},"type":"cond-expr","locations":[{"start":{"line":73,"column":26},"end":{"line":73,"column":35}},{"start":{"line":73,"column":38},"end":{"line":73,"column":45}}],"line":73},"5":{"loc":{"start":{"line":74,"column":21},"end":{"line":74,"column":40}},"type":"cond-expr","locations":[{"start":{"line":74,"column":32},"end":{"line":74,"column":33}},{"start":{"line":74,"column":36},"end":{"line":74,"column":40}}],"line":74},"6":{"loc":{"start":{"line":83,"column":10},"end":{"line":83,"column":77}},"type":"cond-expr","locations":[{"start":{"line":83,"column":34},"end":{"line":83,"column":53}},{"start":{"line":83,"column":56},"end":{"line":83,"column":77}}],"line":83},"7":{"loc":{"start":{"line":84,"column":10},"end":{"line":84,"column":42}},"type":"binary-expr","locations":[{"start":{"line":84,"column":10},"end":{"line":84,"column":18}},{"start":{"line":84,"column":22},"end":{"line":84,"column":42}}],"line":84}},"s":{"0":4,"1":4,"2":4,"3":169,"4":4},"f":{"0":169},"b":{"0":[165],"1":[79],"2":[165,4],"3":[169,81],"4":[81,88],"5":[81,88],"6":[165,4],"7":[169,81]},"_coverageSchema":"1a1c01bbd47fc00a2c39e90264f33305004495a9","hash":"cfa08d179bcadc75472e797cb814dd311e988f7c"}
,"/Users/jordanmadden/Documents/HTWA/components/Card.tsx": {"path":"/Users/jordanmadden/Documents/HTWA/components/Card.tsx","statementMap":{"0":{"start":{"line":27,"column":26},"end":{"line":27,"column":47}},"1":{"start":{"line":39,"column":2},"end":{"line":43,"column":4}},"2":{"start":{"line":50,"column":15},"end":{"line":59,"column":2}}},"fnMap":{"0":{"name":"Card","decl":{"start":{"line":38,"column":16},"end":{"line":38,"column":20}},"loc":{"start":{"line":38,"column":82},"end":{"line":44,"column":1}},"line":38}},"branchMap":{},"s":{"0":3,"1":79,"2":3},"f":{"0":79},"b":{},"_coverageSchema":"1a1c01bbd47fc00a2c39e90264f33305004495a9","hash":"c69c1c632fc66cb2d471431f99853b08367ed04f"}
,"/Users/jordanmadden/Documents/HTWA/components/Chip.tsx": {"path":"/Users/jordanmadden/Documents/HTWA/components/Chip.tsx","statementMap":{"0":{"start":{"line":30,"column":20},"end":{"line":30,"column":22}},"1":{"start":{"line":44,"column":18},"end":{"line":44,"column":59}},"2":{"start":{"line":46,"column":2},"end":{"line":58,"column":3}},"3":{"start":{"line":47,"column":4},"end":{"line":57,"column":6}},"4":{"start":{"line":60,"column":2},"end":{"line":64,"column":4}},"5":{"start":{"line":71,"column":15},"end":{"line":84,"column":2}}},"fnMap":{"0":{"name":"Chip","decl":{"start":{"line":43,"column":16},"end":{"line":43,"column":20}},"loc":{"start":{"line":43,"column":87},"end":{"line":65,"column":1}},"line":43}},"branchMap":{"0":{"loc":{"start":{"line":46,"column":2},"end":{"line":58,"column":3}},"type":"if","locations":[{"start":{"line":46,"column":2},"end":{"line":58,"column":3}},{"start":{},"end":{}}],"line":46}},"s":{"0":3,"1":208,"2":208,"3":2,"4":206,"5":3},"f":{"0":208},"b":{"0":[2,206]},"_coverageSchema":"1a1c01bbd47fc00a2c39e90264f33305004495a9","hash":"5e95fb19c5df16e6b2bf69b5d7474956b4fa42d0"}
,"/Users/jordanmadden/Documents/HTWA/components/Input.tsx": {"path":"/Users/jordanmadden/Documents/HTWA/components/Input.tsx","statementMap":{"0":{"start":{"line":33,"column":27},"end":{"line":33,"column":30}},"1":{"start":{"line":60,"column":36},"end":{"line":60,"column":51}},"2":{"start":{"line":62,"column":22},"end":{"line":65,"column":3}},"3":{"start":{"line":63,"column":4},"end":{"line":63,"column":23}},"4":{"start":{"line":64,"column":4},"end":{"line":64,"column":17}},"5":{"start":{"line":67,"column":21},"end":{"line":70,"column":3}},"6":{"start":{"line":68,"column":4},"end":{"line":68,"column":24}},"7":{"start":{"line":69,"column":4},"end":{"line":69,"column":16}},"8":{"start":{"line":72,"column":2},"end":{"line":95,"column":4}},"9":{"start":{"line":102,"column":15},"end":{"line":136,"column":2}}},"fnMap":{"0":{"name":"Input","decl":{"start":{"line":50,"column":16},"end":{"line":50,"column":21}},"loc":{"start":{"line":59,"column":35},"end":{"line":96,"column":1}},"line":59},"1":{"name":"(anonymous_1)","decl":{"start":{"line":62,"column":22},"end":{"line":62,"column":23}},"loc":{"start":{"line":62,"column":76},"end":{"line":65,"column":3}},"line":62},"2":{"name":"(anonymous_2)","decl":{"start":{"line":67,"column":21},"end":{"line":67,"column":22}},"loc":{"start":{"line":67,"column":75},"end":{"line":70,"column":3}},"line":67}},"branchMap":{"0":{"loc":{"start":{"line":74,"column":7},"end":{"line":74,"column":71}},"type":"cond-expr","locations":[{"start":{"line":74,"column":23},"end":{"line":74,"column":64}},{"start":{"line":74,"column":67},"end":{"line":74,"column":71}}],"line":74},"1":{"loc":{"start":{"line":80,"column":10},"end":{"line":80,"column":51}},"type":"binary-expr","locations":[{"start":{"line":80,"column":10},"end":{"line":80,"column":19}},{"start":{"line":80,"column":23},"end":{"line":80,"column":51}}],"line":80},"2":{"loc":{"start":{"line":93,"column":7},"end":{"line":93,"column":71}},"type":"cond-expr","locations":[{"start":{"line":93,"column":23},"end":{"line":93,"column":64}},{"start":{"line":93,"column":67},"end":{"line":93,"column":71}}],"line":93}},"s":{"0":2,"1":362,"2":362,"3":4,"4":4,"5":362,"6":2,"7":2,"8":362,"9":2},"f":{"0":362,"1":4,"2":2},"b":{"0":[338,24],"1":[362,4],"2":[2,360]},"_coverageSchema":"1a1c01bbd47fc00a2c39e90264f33305004495a9","hash":"daf03bdb99b58025b6fd773903331d05c7c0d07d"}
,"/Users/jordanmadden/Documents/HTWA/components/Text.tsx": {"path":"/Users/jordanmadden/Documents/HTWA/components/Text.tsx","statementMap":{"0":{"start":{"line":60,"column":24},"end":{"line":65,"column":4}},"1":{"start":{"line":68,"column":23},"end":{"line":68,"column":42}},"2":{"start":{"line":73,"column":42},"end":{"line":75,"column":63}},"3":{"start":{"line":77,"column":2},"end":{"line":81,"column":4}}},"fnMap":{"0":{"name":"Text","decl":{"start":{"line":54,"column":16},"end":{"line":54,"column":20}},"loc":{"start":{"line":59,"column":38},"end":{"line":82,"column":1}},"line":59}},"branchMap":{"0":{"loc":{"start":{"line":55,"column":2},"end":{"line":55,"column":24}},"type":"default-arg","locations":[{"start":{"line":55,"column":12},"end":{"line":55,"column":24}}],"line":55},"1":{"loc":{"start":{"line":73,"column":42},"end":{"line":75,"column":63}},"type":"cond-expr","locations":[{"start":{"line":74,"column":7},"end":{"line":74,"column":32}},{"start":{"line":75,"column":7},"end":{"line":75,"column":62}}],"line":73}},"s":{"0":62,"1":62,"2":62,"3":62},"f":{"0":62},"b":{"0":[9],"1":[57,5]},"_coverageSchema":"1a1c01bbd47fc00a2c39e90264f33305004495a9","hash":"b40aaabcec7bc62f66330e98bdb68e0cfd77bb6e"}
}
