TN:
SF:app/home.tsx
FN:102,HomeScreen
FN:114,(anonymous_1)
FN:115,(anonymous_2)
FN:117,(anonymous_3)
FN:122,(anonymous_4)
FN:246,(anonymous_5)
FN:265,(anonymous_6)
FNF:7
FNH:7
FNDA:65,HomeScreen
FNDA:2,(anonymous_1)
FNDA:4,(anonymous_2)
FNDA:4,(anonymous_3)
FNDA:1,(anonymous_4)
FNDA:130,(anonymous_5)
FNDA:130,(anonymous_6)
DA:51,2
DA:54,2
DA:57,2
DA:69,2
DA:103,65
DA:104,65
DA:105,65
DA:108,65
DA:109,65
DA:110,65
DA:114,65
DA:115,65
DA:117,65
DA:118,4
DA:119,4
DA:122,65
DA:128,65
DA:247,130
DA:266,130
DA:305,2
LF:20
LH:20
BRDA:109,0,0,65
BRDA:109,0,1,0
BRDA:110,1,0,65
BRDA:110,1,1,0
BRDA:133,2,0,1
BRDA:133,2,1,64
BRDA:150,3,0,65
BRDA:150,3,1,61
BRDA:156,4,0,65
BRDA:156,4,1,61
BRDA:162,5,0,65
BRDA:162,5,1,4
BRDA:168,6,0,65
BRDA:168,6,1,4
BRF:14
BRH:12
end_of_record
TN:
SF:app/index.tsx
FNF:0
FNH:0
LF:0
LH:0
BRF:0
BRH:0
end_of_record
TN:
SF:app/login.tsx
FN:8,LoginScreen
FN:12,(anonymous_1)
FN:13,(anonymous_2)
FN:14,(anonymous_3)
FN:15,(anonymous_4)
FN:17,(anonymous_5)
FN:18,(anonymous_6)
FNF:7
FNH:5
FNDA:19,LoginScreen
FNDA:3,(anonymous_1)
FNDA:2,(anonymous_2)
FNDA:2,(anonymous_3)
FNDA:2,(anonymous_4)
FNDA:0,(anonymous_5)
FNDA:0,(anonymous_6)
DA:9,19
DA:12,19
DA:13,19
DA:14,19
DA:15,19
DA:17,19
DA:18,19
DA:20,19
DA:124,1
LF:9
LH:9
BRF:0
BRH:0
end_of_record
TN:
SF:app/signin-apple.tsx
FN:12,SignInApple
FN:15,(anonymous_1)
FNF:2
FNH:0
FNDA:0,SignInApple
FNDA:0,(anonymous_1)
DA:13,0
DA:15,0
DA:16,0
DA:19,0
LF:4
LH:0
BRF:0
BRH:0
end_of_record
TN:
SF:app/signin-email.tsx
FN:12,SignInEmail
FN:15,(anonymous_1)
FNF:2
FNH:0
FNDA:0,SignInEmail
FNDA:0,(anonymous_1)
DA:13,0
DA:15,0
DA:16,0
DA:19,0
LF:4
LH:0
BRF:0
BRH:0
end_of_record
TN:
SF:app/signin-google.tsx
FN:12,SignInGoogle
FN:15,(anonymous_1)
FNF:2
FNH:0
FNDA:0,SignInGoogle
FNDA:0,(anonymous_1)
DA:13,0
DA:15,0
DA:16,0
DA:19,0
LF:4
LH:0
BRF:0
BRH:0
end_of_record
TN:
SF:app/signin-mobile.tsx
FN:12,SignInMobile
FN:15,(anonymous_1)
FNF:2
FNH:0
FNDA:0,SignInMobile
FNDA:0,(anonymous_1)
DA:13,0
DA:15,0
DA:16,0
DA:19,0
LF:4
LH:0
BRF:0
BRH:0
end_of_record
TN:
SF:app/signup.tsx
FN:17,SignupScreen
FN:30,(anonymous_1)
FN:36,(anonymous_2)
FN:48,(anonymous_3)
FN:112,(anonymous_4)
FN:125,(anonymous_5)
FNF:6
FNH:6
FNDA:84,SignupScreen
FNDA:13,(anonymous_1)
FNDA:84,(anonymous_2)
FNDA:2,(anonymous_3)
FNDA:10,(anonymous_4)
FNDA:3,(anonymous_5)
DA:18,84
DA:21,84
DA:22,84
DA:23,84
DA:24,84
DA:25,84
DA:27,84
DA:30,84
DA:31,13
DA:32,13
DA:36,84
DA:37,84
DA:38,84
DA:48,84
DA:50,84
DA:112,10
DA:125,3
DA:161,1
LF:18
LH:18
BRDA:32,0,0,10
BRDA:32,0,1,3
BRDA:39,1,0,84
BRDA:39,1,1,54
BRDA:39,1,2,42
BRDA:39,1,3,41
BRDA:39,1,4,30
BRDA:39,1,5,19
BRDA:111,2,0,84
BRDA:111,2,1,14
BRDA:118,3,0,84
BRDA:118,3,1,14
BRDA:124,4,0,84
BRDA:124,4,1,3
BRDA:131,5,0,84
BRDA:131,5,1,3
BRDA:139,6,0,14
BRDA:139,6,1,70
BRDA:141,7,0,3
BRDA:141,7,1,67
BRF:20
BRH:20
end_of_record
TN:
SF:app/verify.tsx
FN:7,VerifyScreen
FNF:1
FNH:0
FNDA:0,VerifyScreen
DA:8,0
DA:18,0
LF:2
LH:0
BRF:0
BRH:0
end_of_record
TN:
SF:app/(tabs)/_layout 2.tsx
FN:72,TabLayout
FN:75,(anonymous_1)
FN:81,(anonymous_2)
FNF:3
FNH:0
FNDA:0,TabLayout
FNDA:0,(anonymous_1)
FNDA:0,(anonymous_2)
DA:20,0
DA:23,0
DA:28,0
DA:58,0
DA:73,0
DA:76,0
DA:82,0
LF:7
LH:0
BRDA:83,0,0,0
BRDA:83,0,1,0
BRF:2
BRH:0
end_of_record
TN:
SF:app/(tabs)/index 2.tsx
FNF:0
FNH:0
LF:0
LH:0
BRF:0
BRH:0
end_of_record
TN:
SF:app/(tabs)/index.tsx
FNF:0
FNH:0
LF:0
LH:0
BRF:0
BRH:0
end_of_record
TN:
SF:app/(tabs)/profile 2.tsx
FN:11,ProfileScreen
FNF:1
FNH:0
FNDA:0,ProfileScreen
DA:12,0
DA:19,0
LF:2
LH:0
BRF:0
BRH:0
end_of_record
TN:
SF:app/(tabs)/profile.tsx
FN:11,ProfileScreen
FNF:1
FNH:0
FNDA:0,ProfileScreen
DA:12,0
DA:19,0
LF:2
LH:0
BRF:0
BRH:0
end_of_record
TN:
SF:app/(tabs)/search 2.tsx
FN:11,SearchScreen
FNF:1
FNH:0
FNDA:0,SearchScreen
DA:12,0
DA:19,0
LF:2
LH:0
BRF:0
BRH:0
end_of_record
TN:
SF:app/(tabs)/search.tsx
FN:11,SearchScreen
FNF:1
FNH:0
FNDA:0,SearchScreen
DA:12,0
DA:19,0
LF:2
LH:0
BRF:0
BRH:0
end_of_record
TN:
SF:app/(tabs)/trips 2.tsx
FN:11,TripsScreen
FNF:1
FNH:0
FNDA:0,TripsScreen
DA:12,0
DA:19,0
LF:2
LH:0
BRF:0
BRH:0
end_of_record
TN:
SF:app/(tabs)/trips.tsx
FN:11,TripsScreen
FNF:1
FNH:0
FNDA:0,TripsScreen
DA:12,0
DA:19,0
LF:2
LH:0
BRF:0
BRH:0
end_of_record
TN:
SF:app/screens/SplashScreen.tsx
FN:14,SplashScreen
FN:17,(anonymous_1)
FN:18,checkAuth
FNF:3
FNH:3
FNDA:10,SplashScreen
FNDA:10,(anonymous_1)
FNDA:10,checkAuth
DA:7,1
DA:10,1
DA:11,1
DA:12,1
DA:15,10
DA:17,10
DA:19,10
DA:20,10
DA:21,9
DA:22,1
DA:24,8
DA:28,1
DA:32,10
DA:35,10
DA:53,1
LF:15
LH:15
BRDA:21,0,0,1
BRDA:21,0,1,8
BRF:2
BRH:2
end_of_record
TN:
SF:components/Avatar.tsx
FN:59,Avatar
FNF:1
FNH:1
FNDA:88,Avatar
DA:34,3
DA:36,3
DA:38,3
DA:67,88
DA:69,88
DA:103,3
LF:6
LH:6
BRDA:61,0,0,86
BRDA:62,1,0,86
BRDA:67,2,0,87
BRDA:67,2,1,1
BRDA:83,3,0,3
BRDA:83,3,1,85
BRDA:88,4,0,2
BRDA:88,4,1,1
BRF:8
BRH:8
end_of_record
TN:
SF:components/Badge.tsx
FN:42,Badge
FNF:1
FNH:1
FNDA:19,Badge
DA:26,1
DA:28,1
DA:43,19
DA:44,10
DA:53,9
DA:64,1
LF:6
LH:6
BRDA:43,0,0,10
BRDA:43,0,1,9
BRF:2
BRH:2
end_of_record
TN:
SF:components/Button.tsx
FN:56,Button
FNF:1
FNH:1
FNDA:169,Button
DA:31,4
DA:33,4
DA:35,4
DA:65,169
DA:98,4
LF:5
LH:5
BRDA:57,0,0,165
BRDA:59,1,0,79
BRDA:69,2,0,165
BRDA:69,2,1,4
BRDA:70,3,0,169
BRDA:70,3,1,81
BRDA:73,4,0,81
BRDA:73,4,1,88
BRDA:74,5,0,81
BRDA:74,5,1,88
BRDA:83,6,0,165
BRDA:83,6,1,4
BRDA:84,7,0,169
BRDA:84,7,1,81
BRF:14
BRH:14
end_of_record
TN:
SF:components/Card.tsx
FN:38,Card
FNF:1
FNH:1
FNDA:79,Card
DA:27,3
DA:39,79
DA:50,3
LF:3
LH:3
BRF:0
BRH:0
end_of_record
TN:
SF:components/Chip.tsx
FN:43,Chip
FNF:1
FNH:1
FNDA:208,Chip
DA:30,3
DA:44,208
DA:46,208
DA:47,2
DA:60,206
DA:71,3
LF:6
LH:6
BRDA:46,0,0,2
BRDA:46,0,1,206
BRF:2
BRH:2
end_of_record
TN:
SF:components/Input.tsx
FN:50,Input
FN:62,(anonymous_1)
FN:67,(anonymous_2)
FNF:3
FNH:3
FNDA:362,Input
FNDA:4,(anonymous_1)
FNDA:2,(anonymous_2)
DA:33,2
DA:60,362
DA:62,362
DA:63,4
DA:64,4
DA:67,362
DA:68,2
DA:69,2
DA:72,362
DA:102,2
LF:10
LH:10
BRDA:74,0,0,338
BRDA:74,0,1,24
BRDA:80,1,0,362
BRDA:80,1,1,4
BRDA:93,2,0,2
BRDA:93,2,1,360
BRF:6
BRH:6
end_of_record
TN:
SF:components/Text.tsx
FN:54,Text
FNF:1
FNH:1
FNDA:62,Text
DA:60,62
DA:68,62
DA:73,62
DA:77,62
LF:4
LH:4
BRDA:55,0,0,9
BRDA:73,1,0,57
BRDA:73,1,1,5
BRF:3
BRH:3
end_of_record
